<?xml version="1.0" encoding="UTF-8"?>
<!-- Generated by org.testng.reporters.JUnitXMLReporter -->
<testsuite ignored="0" hostname="192.168.0.105.non-exists.ptr.local" failures="0" tests="4" name="Group 4" time="38.587" errors="0" timestamp="2024-11-09T22:06:21 ICT">
  <testcase classname="test.global.footer.FooterTest" name="testFooterCategoryPage" time="34.74"/>
  <testcase classname="test.global.footer.FooterTest" name="testFooterHomePage" time="2.997"/>
  <testcase classname="test.global.footer.FooterTest" name="testFooterLoginPage" time="0.004"/>
  <testcase classname="test.global.footer.FooterTest" name="testFooterRegisterPage" time="0.005"/>
</testsuite> <!-- Group 4 -->
