<?xml version="1.0" encoding="UTF-8"?>
<!-- Generated by org.testng.reporters.JUnitXMLReporter -->
<testsuite ignored="0" hostname="192.168.0.105.non-exists.ptr.local" failures="0" tests="3" name="Group 1" time="119.445" errors="0" timestamp="2024-11-08T12:51:22 ICT">
  <testcase classname="test.computer.BuyingStandardComputerTest" name="testStandardComputerBuying" time="65.875"/>
  <testcase classname="test.computer.BuyingStandardComputerTest" name="testStandardComputerBuying" time="26.59"/>
  <testcase classname="test.computer.BuyingStandardComputerTest" name="testStandardComputerBuying" time="26.166"/>
</testsuite> <!-- Group 1 -->
