<?xml version="1.0" encoding="UTF-8"?>
<!-- Generated by org.testng.reporters.JUnitXMLReporter -->
<testsuite ignored="0" hostname="192.168.0.105.non-exists.ptr.local" failures="0" tests="4" name="Group 4" time="40.331" errors="0" timestamp="2024-11-08T12:49:57 ICT">
  <testcase classname="test.global.footer.FooterTest" name="testFooterCategoryPage" time="37.468"/>
  <testcase classname="test.global.footer.FooterTest" name="testFooterHomePage" time="2.038"/>
  <testcase classname="test.global.footer.FooterTest" name="testFooterLoginPage" time="0.003"/>
  <testcase classname="test.global.footer.FooterTest" name="testFooterRegisterPage" time="0.003"/>
</testsuite> <!-- Group 4 -->
