<?xml version="1.0" encoding="UTF-8"?>
<!-- Generated by org.testng.reporters.JUnitXMLReporter -->
<testsuite ignored="0" hostname="192.168.0.105.non-exists.ptr.local" failures="0" tests="3" name="Group 1" time="116.953" errors="0" timestamp="2024-11-09T22:07:39 ICT">
  <testcase classname="test.computer.BuyingStandardComputerTest" name="testStandardComputerBuying" time="62.48"/>
  <testcase classname="test.computer.BuyingStandardComputerTest" name="testStandardComputerBuying" time="27.357"/>
  <testcase classname="test.computer.BuyingStandardComputerTest" name="testStandardComputerBuying" time="26.093"/>
</testsuite> <!-- Group 1 -->
