<?xml version="1.0" encoding="UTF-8"?>
<!-- Generated by org.testng.reporters.JUnitXMLReporter -->
<testsuite ignored="0" hostname="192.168.0.105.non-exists.ptr.local" failures="0" tests="3" name="Group 2" time="118.439" errors="0" timestamp="2024-11-08T12:51:21 ICT">
  <testcase classname="test.computer.BuyingCheapComputerTest" name="testCheapComputerBuying" time="65.081"/>
  <testcase classname="test.computer.BuyingCheapComputerTest" name="testCheapComputerBuying" time="26.837"/>
  <testcase classname="test.computer.BuyingCheapComputerTest" name="testCheapComputerBuying" time="25.591"/>
</testsuite> <!-- Group 2 -->
